{"E:\\My Project\\to-do-app\\backend\\config\\db.js": {"path":"E:\\My Project\\to-do-app\\backend\\config\\db.js","statementMap":{"0":{"start":{"line":1,"column":14},"end":{"line":1,"column":30}},"1":{"start":{"line":2,"column":19},"end":{"line":7,"column":2}},"2":{"start":{"line":9,"column":0},"end":{"line":15,"column":3}},"3":{"start":{"line":10,"column":2},"end":{"line":14,"column":3}},"4":{"start":{"line":11,"column":4},"end":{"line":11,"column":60}},"5":{"start":{"line":13,"column":4},"end":{"line":13,"column":58}},"6":{"start":{"line":17,"column":0},"end":{"line":17,"column":28}}},"fnMap":{"0":{"name":"(anonymous_0)","decl":{"start":{"line":9,"column":19},"end":{"line":9,"column":20}},"loc":{"start":{"line":9,"column":28},"end":{"line":15,"column":1}},"line":9}},"branchMap":{"0":{"loc":{"start":{"line":10,"column":2},"end":{"line":14,"column":3}},"type":"if","locations":[{"start":{"line":10,"column":2},"end":{"line":14,"column":3}},{"start":{"line":12,"column":9},"end":{"line":14,"column":3}}],"line":10}},"s":{"0":2,"1":2,"2":2,"3":1,"4":0,"5":1,"6":2},"f":{"0":1},"b":{"0":[0,1]},"_coverageSchema":"1a1c01bbd47fc00a2c39e90264f33305004495a9","hash":"85ca092eb47f7c7074a741600826c847a9d35304"}
,"E:\\My Project\\to-do-app\\backend\\controllers\\taskController.js": {"path":"E:\\My Project\\to-do-app\\backend\\controllers\\taskController.js","statementMap":{"0":{"start":{"line":1,"column":22},"end":{"line":1,"column":58}},"1":{"start":{"line":3,"column":19},"end":{"line":22,"column":1}},"2":{"start":{"line":4,"column":2},"end":{"line":21,"column":3}},"3":{"start":{"line":5,"column":35},"end":{"line":5,"column":43}},"4":{"start":{"line":7,"column":4},"end":{"line":9,"column":5}},"5":{"start":{"line":8,"column":6},"end":{"line":8,"column":68}},"6":{"start":{"line":11,"column":4},"end":{"line":13,"column":5}},"7":{"start":{"line":12,"column":6},"end":{"line":12,"column":74}},"8":{"start":{"line":15,"column":4},"end":{"line":15,"column":55}},"9":{"start":{"line":16,"column":4},"end":{"line":18,"column":7}},"10":{"start":{"line":20,"column":4},"end":{"line":20,"column":69}},"11":{"start":{"line":24,"column":17},"end":{"line":31,"column":1}},"12":{"start":{"line":25,"column":2},"end":{"line":30,"column":3}},"13":{"start":{"line":26,"column":18},"end":{"line":26,"column":47}},"14":{"start":{"line":27,"column":4},"end":{"line":27,"column":32}},"15":{"start":{"line":29,"column":4},"end":{"line":29,"column":69}},"16":{"start":{"line":33,"column":24},"end":{"line":51,"column":1}},"17":{"start":{"line":34,"column":2},"end":{"line":50,"column":3}},"18":{"start":{"line":35,"column":23},"end":{"line":35,"column":33}},"19":{"start":{"line":37,"column":4},"end":{"line":39,"column":5}},"20":{"start":{"line":38,"column":6},"end":{"line":38,"column":76}},"21":{"start":{"line":41,"column":18},"end":{"line":41,"column":62}},"22":{"start":{"line":43,"column":4},"end":{"line":45,"column":5}},"23":{"start":{"line":44,"column":6},"end":{"line":44,"column":65}},"24":{"start":{"line":47,"column":4},"end":{"line":47,"column":64}},"25":{"start":{"line":49,"column":4},"end":{"line":49,"column":68}},"26":{"start":{"line":53,"column":0},"end":{"line":57,"column":2}}},"fnMap":{"0":{"name":"(anonymous_0)","decl":{"start":{"line":3,"column":19},"end":{"line":3,"column":20}},"loc":{"start":{"line":3,"column":39},"end":{"line":22,"column":1}},"line":3},"1":{"name":"(anonymous_1)","decl":{"start":{"line":24,"column":17},"end":{"line":24,"column":18}},"loc":{"start":{"line":24,"column":37},"end":{"line":31,"column":1}},"line":24},"2":{"name":"(anonymous_2)","decl":{"start":{"line":33,"column":24},"end":{"line":33,"column":25}},"loc":{"start":{"line":33,"column":44},"end":{"line":51,"column":1}},"line":33}},"branchMap":{"0":{"loc":{"start":{"line":7,"column":4},"end":{"line":9,"column":5}},"type":"if","locations":[{"start":{"line":7,"column":4},"end":{"line":9,"column":5}},{"start":{},"end":{}}],"line":7},"1":{"loc":{"start":{"line":7,"column":8},"end":{"line":7,"column":37}},"type":"binary-expr","locations":[{"start":{"line":7,"column":8},"end":{"line":7,"column":14}},{"start":{"line":7,"column":18},"end":{"line":7,"column":37}}],"line":7},"2":{"loc":{"start":{"line":11,"column":4},"end":{"line":13,"column":5}},"type":"if","locations":[{"start":{"line":11,"column":4},"end":{"line":13,"column":5}},{"start":{},"end":{}}],"line":11},"3":{"loc":{"start":{"line":11,"column":8},"end":{"line":11,"column":49}},"type":"binary-expr","locations":[{"start":{"line":11,"column":8},"end":{"line":11,"column":20}},{"start":{"line":11,"column":24},"end":{"line":11,"column":49}}],"line":11},"4":{"loc":{"start":{"line":37,"column":4},"end":{"line":39,"column":5}},"type":"if","locations":[{"start":{"line":37,"column":4},"end":{"line":39,"column":5}},{"start":{},"end":{}}],"line":37},"5":{"loc":{"start":{"line":37,"column":8},"end":{"line":37,"column":32}},"type":"binary-expr","locations":[{"start":{"line":37,"column":8},"end":{"line":37,"column":15}},{"start":{"line":37,"column":19},"end":{"line":37,"column":32}}],"line":37},"6":{"loc":{"start":{"line":43,"column":4},"end":{"line":45,"column":5}},"type":"if","locations":[{"start":{"line":43,"column":4},"end":{"line":45,"column":5}},{"start":{},"end":{}}],"line":43}},"s":{"0":2,"1":2,"2":2,"3":2,"4":2,"5":1,"6":1,"7":0,"8":1,"9":1,"10":0,"11":2,"12":2,"13":2,"14":2,"15":0,"16":2,"17":3,"18":3,"19":3,"20":1,"21":2,"22":2,"23":1,"24":1,"25":0,"26":2},"f":{"0":2,"1":2,"2":3},"b":{"0":[1,1],"1":[2,1],"2":[0,1],"3":[1,1],"4":[1,2],"5":[3,3],"6":[1,1]},"_coverageSchema":"1a1c01bbd47fc00a2c39e90264f33305004495a9","hash":"42c97d6ba58647f448fb0aec4495df4639230df3"}
,"E:\\My Project\\to-do-app\\backend\\routes\\taskRoute.js": {"path":"E:\\My Project\\to-do-app\\backend\\routes\\taskRoute.js","statementMap":{"0":{"start":{"line":1,"column":16},"end":{"line":1,"column":34}},"1":{"start":{"line":2,"column":15},"end":{"line":2,"column":31}},"2":{"start":{"line":8,"column":4},"end":{"line":8,"column":44}},"3":{"start":{"line":10,"column":0},"end":{"line":10,"column":29}},"4":{"start":{"line":11,"column":0},"end":{"line":11,"column":26}},"5":{"start":{"line":12,"column":0},"end":{"line":12,"column":51}},"6":{"start":{"line":14,"column":0},"end":{"line":14,"column":24}}},"fnMap":{},"branchMap":{},"s":{"0":1,"1":1,"2":1,"3":1,"4":1,"5":1,"6":1},"f":{},"b":{},"_coverageSchema":"1a1c01bbd47fc00a2c39e90264f33305004495a9","hash":"31b5abfc40e0d854c5e53d082031e5e963aeb9f3"}
,"E:\\My Project\\to-do-app\\backend\\services\\taskDbService.js": {"path":"E:\\My Project\\to-do-app\\backend\\services\\taskDbService.js","statementMap":{"0":{"start":{"line":1,"column":11},"end":{"line":1,"column":34}},"1":{"start":{"line":3,"column":19},"end":{"line":14,"column":1}},"2":{"start":{"line":4,"column":16},"end":{"line":4,"column":69}},"3":{"start":{"line":5,"column":2},"end":{"line":13,"column":5}},"4":{"start":{"line":6,"column":4},"end":{"line":12,"column":7}},"5":{"start":{"line":7,"column":6},"end":{"line":11,"column":7}},"6":{"start":{"line":8,"column":8},"end":{"line":8,"column":20}},"7":{"start":{"line":10,"column":8},"end":{"line":10,"column":25}},"8":{"start":{"line":16,"column":16},"end":{"line":28,"column":1}},"9":{"start":{"line":18,"column":4},"end":{"line":18,"column":75}},"10":{"start":{"line":19,"column":2},"end":{"line":27,"column":5}},"11":{"start":{"line":20,"column":4},"end":{"line":26,"column":7}},"12":{"start":{"line":21,"column":6},"end":{"line":25,"column":7}},"13":{"start":{"line":22,"column":8},"end":{"line":22,"column":20}},"14":{"start":{"line":24,"column":8},"end":{"line":24,"column":53}},"15":{"start":{"line":30,"column":25},"end":{"line":42,"column":1}},"16":{"start":{"line":31,"column":16},"end":{"line":31,"column":58}},"17":{"start":{"line":33,"column":2},"end":{"line":41,"column":5}},"18":{"start":{"line":34,"column":4},"end":{"line":40,"column":7}},"19":{"start":{"line":35,"column":6},"end":{"line":39,"column":7}},"20":{"start":{"line":36,"column":8},"end":{"line":36,"column":20}},"21":{"start":{"line":38,"column":8},"end":{"line":38,"column":53}},"22":{"start":{"line":44,"column":0},"end":{"line":48,"column":2}}},"fnMap":{"0":{"name":"(anonymous_0)","decl":{"start":{"line":3,"column":19},"end":{"line":3,"column":20}},"loc":{"start":{"line":3,"column":43},"end":{"line":14,"column":1}},"line":3},"1":{"name":"(anonymous_1)","decl":{"start":{"line":5,"column":21},"end":{"line":5,"column":22}},"loc":{"start":{"line":5,"column":42},"end":{"line":13,"column":3}},"line":5},"2":{"name":"(anonymous_2)","decl":{"start":{"line":6,"column":42},"end":{"line":6,"column":43}},"loc":{"start":{"line":6,"column":60},"end":{"line":12,"column":5}},"line":6},"3":{"name":"(anonymous_3)","decl":{"start":{"line":16,"column":16},"end":{"line":16,"column":17}},"loc":{"start":{"line":16,"column":22},"end":{"line":28,"column":1}},"line":16},"4":{"name":"(anonymous_4)","decl":{"start":{"line":19,"column":21},"end":{"line":19,"column":22}},"loc":{"start":{"line":19,"column":42},"end":{"line":27,"column":3}},"line":19},"5":{"name":"(anonymous_5)","decl":{"start":{"line":20,"column":24},"end":{"line":20,"column":25}},"loc":{"start":{"line":20,"column":42},"end":{"line":26,"column":5}},"line":20},"6":{"name":"(anonymous_6)","decl":{"start":{"line":30,"column":25},"end":{"line":30,"column":26}},"loc":{"start":{"line":30,"column":37},"end":{"line":42,"column":1}},"line":30},"7":{"name":"(anonymous_7)","decl":{"start":{"line":33,"column":21},"end":{"line":33,"column":22}},"loc":{"start":{"line":33,"column":42},"end":{"line":41,"column":3}},"line":33},"8":{"name":"(anonymous_8)","decl":{"start":{"line":34,"column":30},"end":{"line":34,"column":31}},"loc":{"start":{"line":34,"column":48},"end":{"line":40,"column":5}},"line":34}},"branchMap":{"0":{"loc":{"start":{"line":7,"column":6},"end":{"line":11,"column":7}},"type":"if","locations":[{"start":{"line":7,"column":6},"end":{"line":11,"column":7}},{"start":{"line":9,"column":13},"end":{"line":11,"column":7}}],"line":7},"1":{"loc":{"start":{"line":21,"column":6},"end":{"line":25,"column":7}},"type":"if","locations":[{"start":{"line":21,"column":6},"end":{"line":25,"column":7}},{"start":{"line":23,"column":13},"end":{"line":25,"column":7}}],"line":21},"2":{"loc":{"start":{"line":35,"column":6},"end":{"line":39,"column":7}},"type":"if","locations":[{"start":{"line":35,"column":6},"end":{"line":39,"column":7}},{"start":{"line":37,"column":13},"end":{"line":39,"column":7}}],"line":35}},"s":{"0":3,"1":3,"2":1,"3":1,"4":1,"5":1,"6":0,"7":1,"8":3,"9":2,"10":2,"11":2,"12":2,"13":0,"14":2,"15":3,"16":1,"17":1,"18":1,"19":1,"20":0,"21":1,"22":3},"f":{"0":1,"1":1,"2":1,"3":2,"4":2,"5":2,"6":1,"7":1,"8":1},"b":{"0":[0,1],"1":[0,2],"2":[0,1]},"_coverageSchema":"1a1c01bbd47fc00a2c39e90264f33305004495a9","hash":"1a536c98e8e38a3f58900008ae9fa6ac6a7be567"}
}
