TN:
SF:config\db.js
FN:9,(anonymous_0)
FNF:1
FNH:1
FNDA:1,(anonymous_0)
DA:1,2
DA:2,2
DA:9,2
DA:10,1
DA:11,0
DA:13,1
DA:17,2
LF:7
LH:6
BRDA:10,0,0,0
BRDA:10,0,1,1
BRF:2
BRH:1
end_of_record
TN:
SF:controllers\taskController.js
FN:3,(anonymous_0)
FN:24,(anonymous_1)
FN:33,(anonymous_2)
FNF:3
FNH:3
FNDA:2,(anonymous_0)
FNDA:2,(anonymous_1)
FNDA:3,(anonymous_2)
DA:1,2
DA:3,2
DA:4,2
DA:5,2
DA:7,2
DA:8,1
DA:11,1
DA:12,0
DA:15,1
DA:16,1
DA:20,0
DA:24,2
DA:25,2
DA:26,2
DA:27,2
DA:29,0
DA:33,2
DA:34,3
DA:35,3
DA:37,3
DA:38,1
DA:41,2
DA:43,2
DA:44,1
DA:47,1
DA:49,0
DA:53,2
LF:27
LH:23
BRDA:7,0,0,1
BRDA:7,0,1,1
BRDA:7,1,0,2
BRDA:7,1,1,1
BRDA:11,2,0,0
BRDA:11,2,1,1
BRDA:11,3,0,1
BRDA:11,3,1,1
BRDA:37,4,0,1
BRDA:37,4,1,2
BRDA:37,5,0,3
BRDA:37,5,1,3
BRDA:43,6,0,1
BRDA:43,6,1,1
BRF:14
BRH:13
end_of_record
TN:
SF:routes\taskRoute.js
FNF:0
FNH:0
DA:1,1
DA:2,1
DA:8,1
DA:10,1
DA:11,1
DA:12,1
DA:14,1
LF:7
LH:7
BRF:0
BRH:0
end_of_record
TN:
SF:services\taskDbService.js
FN:3,(anonymous_0)
FN:5,(anonymous_1)
FN:6,(anonymous_2)
FN:16,(anonymous_3)
FN:19,(anonymous_4)
FN:20,(anonymous_5)
FN:30,(anonymous_6)
FN:33,(anonymous_7)
FN:34,(anonymous_8)
FNF:9
FNH:9
FNDA:1,(anonymous_0)
FNDA:1,(anonymous_1)
FNDA:1,(anonymous_2)
FNDA:2,(anonymous_3)
FNDA:2,(anonymous_4)
FNDA:2,(anonymous_5)
FNDA:1,(anonymous_6)
FNDA:1,(anonymous_7)
FNDA:1,(anonymous_8)
DA:1,3
DA:3,3
DA:4,1
DA:5,1
DA:6,1
DA:7,1
DA:8,0
DA:10,1
DA:16,3
DA:18,2
DA:19,2
DA:20,2
DA:21,2
DA:22,0
DA:24,2
DA:30,3
DA:31,1
DA:33,1
DA:34,1
DA:35,1
DA:36,0
DA:38,1
DA:44,3
LF:23
LH:20
BRDA:7,0,0,0
BRDA:7,0,1,1
BRDA:21,1,0,0
BRDA:21,1,1,2
BRDA:35,2,0,0
BRDA:35,2,1,1
BRF:6
BRH:3
end_of_record
